Flow report for qsys_basic
Wed May 08 11:12:08 2019
Quartus Prime Version 18.1.0 Build 625 09/12/2018 SJ Standard Edition


---------------------
; Table of Contents ;
---------------------
  1. Legal Notice
  2. Flow Summary
  3. Flow Settings
  4. Flow Non-Default Global Settings
  5. Flow Elapsed Time
  6. Flow OS Summary
  7. Flow Log
  8. Flow Messages
  9. Flow Suppressed Messages



----------------
; Legal Notice ;
----------------
Copyright (C) 2018  Intel Corporation. All rights reserved.
Your use of Intel Corporation's design tools, logic functions 
and other software and tools, and its AMPP partner logic 
functions, and any output files from any of the foregoing 
(including device programming or simulation files), and any 
associated documentation or information are expressly subject 
to the terms and conditions of the Intel Program License 
Subscription Agreement, the Intel Quartus Prime License Agreement,
the Intel FPGA IP License Agreement, or other applicable license
agreement, including, without limitation, that your use is for
the sole purpose of programming logic devices manufactured by
Intel and sold by Intel or its authorized distributors.  Please
refer to the applicable agreement for further details.



+-----------------------------------------------------------------------------------+
; Flow Summary                                                                      ;
+---------------------------------+-------------------------------------------------+
; Flow Status                     ; Successful - Wed May 08 11:11:28 2019           ;
; Quartus Prime Version           ; 18.1.0 Build 625 09/12/2018 SJ Standard Edition ;
; Revision Name                   ; qsys_basic                                      ;
; Top-level Entity Name           ; top                                             ;
; Family                          ; Cyclone V                                       ;
; Device                          ; 5CSEMA5F31C6                                    ;
; Timing Models                   ; Final                                           ;
; Logic utilization (in ALMs)     ; 1,128 / 32,070 ( 4 % )                          ;
; Total registers                 ; 1761                                            ;
; Total pins                      ; 60 / 457 ( 13 % )                               ;
; Total virtual pins              ; 0                                               ;
; Total block memory bits         ; 273,536 / 4,065,280 ( 7 % )                     ;
; Total DSP Blocks                ; 0 / 87 ( 0 % )                                  ;
; Total HSSI RX PCSs              ; 0                                               ;
; Total HSSI PMA RX Deserializers ; 0                                               ;
; Total HSSI TX PCSs              ; 0                                               ;
; Total HSSI PMA TX Serializers   ; 0                                               ;
; Total PLLs                      ; 1 / 6 ( 17 % )                                  ;
; Total DLLs                      ; 0 / 4 ( 0 % )                                   ;
+---------------------------------+-------------------------------------------------+


+-----------------------------------------+
; Flow Settings                           ;
+-------------------+---------------------+
; Option            ; Setting             ;
+-------------------+---------------------+
; Start date & time ; 05/08/2019 11:04:43 ;
; Main task         ; Compilation         ;
; Revision Name     ; qsys_basic          ;
+-------------------+---------------------+


+-----------------------------------------------------------------------------------------------------------------------------------------------+
; Flow Non-Default Global Settings                                                                                                              ;
+-------------------------------------+--------------------------------------------------------------+---------------+-------------+------------+
; Assignment Name                     ; Value                                                        ; Default Value ; Entity Name ; Section Id ;
+-------------------------------------+--------------------------------------------------------------+---------------+-------------+------------+
; COMPILER_SIGNATURE_ID               ; 180331605664382.155730628213104                              ; --            ; --          ; --         ;
; FITTER_EFFORT                       ; Fast Fit                                                     ; Auto Fit      ; --          ; --         ;
; MAX_CORE_JUNCTION_TEMP              ; 85                                                           ; --            ; --          ; --         ;
; MIN_CORE_JUNCTION_TEMP              ; 0                                                            ; --            ; --          ; --         ;
; MISC_FILE                           ; CPU_System/synthesis/../CPU_System.cmp                       ; --            ; --          ; --         ;
; MISC_FILE                           ; CPU_System/synthesis/../../CPU_System.qsys                   ; --            ; --          ; --         ;
; OPTIMIZE_HOLD_TIMING                ; IO Paths and Minimum TPD Paths                               ; All Paths     ; --          ; --         ;
; OUTPUT_IO_TIMING_FAR_END_VMEAS      ; Half Signal Swing                                            ; --            ; --          ; --         ;
; OUTPUT_IO_TIMING_FAR_END_VMEAS      ; Half Signal Swing                                            ; --            ; --          ; --         ;
; OUTPUT_IO_TIMING_NEAR_END_VMEAS     ; Half Vccio                                                   ; --            ; --          ; --         ;
; OUTPUT_IO_TIMING_NEAR_END_VMEAS     ; Half Vccio                                                   ; --            ; --          ; --         ;
; PARTITION_COLOR                     ; -- (Not supported for targeted family)                       ; --            ; top         ; Top        ;
; PARTITION_FITTER_PRESERVATION_LEVEL ; -- (Not supported for targeted family)                       ; --            ; top         ; Top        ;
; PARTITION_NETLIST_TYPE              ; -- (Not supported for targeted family)                       ; --            ; top         ; Top        ;
; POWER_BOARD_THERMAL_MODEL           ; None (CONSERVATIVE)                                          ; --            ; --          ; --         ;
; POWER_PRESET_COOLING_SOLUTION       ; 23 MM HEAT SINK WITH 200 LFPM AIRFLOW                        ; --            ; --          ; --         ;
; PROJECT_OUTPUT_DIRECTORY            ; output_files                                                 ; --            ; --          ; --         ;
; SLD_FILE                            ; CPU_System/synthesis/CPU_System.regmap                       ; --            ; --          ; --         ;
; SLD_FILE                            ; CPU_System/synthesis/CPU_System.debuginfo                    ; --            ; --          ; --         ;
; SLD_INFO                            ; QSYS_NAME CPU_System HAS_SOPCINFO 1 GENERATION_ID 1557305356 ; --            ; CPU_System  ; --         ;
; SMART_RECOMPILE                     ; On                                                           ; Off           ; --          ; --         ;
; SOPCINFO_FILE                       ; CPU_System/synthesis/../../CPU_System.sopcinfo               ; --            ; --          ; --         ;
; SYNTHESIS_ONLY_QIP                  ; On                                                           ; --            ; --          ; --         ;
; TOP_LEVEL_ENTITY                    ; top                                                          ; qsys_basic    ; --          ; --         ;
+-------------------------------------+--------------------------------------------------------------+---------------+-------------+------------+


+--------------------------------------------------------------------------------------------------------------------------+
; Flow Elapsed Time                                                                                                        ;
+----------------------+--------------+-------------------------+---------------------+------------------------------------+
; Module Name          ; Elapsed Time ; Average Processors Used ; Peak Virtual Memory ; Total CPU Time (on all processors) ;
+----------------------+--------------+-------------------------+---------------------+------------------------------------+
; Analysis & Synthesis ; 00:01:49     ; 1.0                     ; 5004 MB             ; 00:02:00                           ;
; Fitter               ; 00:04:22     ; 1.1                     ; 6668 MB             ; 00:04:54                           ;
; Assembler            ; 00:00:17     ; 1.0                     ; 4887 MB             ; 00:00:16                           ;
; Timing Analyzer      ; 00:00:37     ; 1.3                     ; 5352 MB             ; 00:00:43                           ;
; Total                ; 00:07:05     ; --                      ; --                  ; 00:07:53                           ;
+----------------------+--------------+-------------------------+---------------------+------------------------------------+


+------------------------------------------------------------------------------------+
; Flow OS Summary                                                                    ;
+----------------------+------------------+------------+------------+----------------+
; Module Name          ; Machine Hostname ; OS Name    ; OS Version ; Processor type ;
+----------------------+------------------+------------+------------+----------------+
; Analysis & Synthesis ; DESKTOP-C9PUHSB  ; Windows 10 ; 10.0       ; x86_64         ;
; Fitter               ; DESKTOP-C9PUHSB  ; Windows 10 ; 10.0       ; x86_64         ;
; Assembler            ; DESKTOP-C9PUHSB  ; Windows 10 ; 10.0       ; x86_64         ;
; Timing Analyzer      ; DESKTOP-C9PUHSB  ; Windows 10 ; 10.0       ; x86_64         ;
+----------------------+------------------+------------+------------+----------------+


------------
; Flow Log ;
------------
quartus_map --read_settings_files=on --write_settings_files=off qsys_basic -c qsys_basic
quartus_fit --read_settings_files=off --write_settings_files=off qsys_basic -c qsys_basic
quartus_asm --read_settings_files=off --write_settings_files=off qsys_basic -c qsys_basic
quartus_sta qsys_basic -c qsys_basic



